Watching for file changes with StatReloader
[16/Mar/2023 07:50:21] "GET /users/1 HTTP/1.1" 200 65
[16/Mar/2023 07:50:30] "GET /users/1 HTTP/1.1" 200 65
[16/Mar/2023 07:50:35] "GET / HTTP/1.1" 200 5163
[16/Mar/2023 07:50:36] "GET /static/rest_framework/css/bootstrap.min.css HTTP/1.1" 200 121457
[16/Mar/2023 07:50:37] "GET /static/rest_framework/css/default.css HTTP/1.1" 200 1152
[16/Mar/2023 07:50:37] "GET /static/rest_framework/css/bootstrap-tweaks.css HTTP/1.1" 200 3385
[16/Mar/2023 07:50:37] "GET /static/rest_framework/css/prettify.css HTTP/1.1" 200 817
[16/Mar/2023 07:50:37] "GET /static/rest_framework/js/jquery-3.5.1.min.js HTTP/1.1" 200 89476
[16/Mar/2023 07:50:37] "GET /static/rest_framework/js/ajax-form.js HTTP/1.1" 200 3597
[16/Mar/2023 07:50:37] "GET /static/rest_framework/js/csrf.js HTTP/1.1" 200 1719
[16/Mar/2023 07:50:37] "GET /static/rest_framework/js/bootstrap.min.js HTTP/1.1" 200 39680
[16/Mar/2023 07:50:37] "GET /static/rest_framework/js/prettify-min.js HTTP/1.1" 200 13632
[16/Mar/2023 07:50:37] "GET /static/rest_framework/img/grid.png HTTP/1.1" 200 1458
[16/Mar/2023 07:50:38] "GET /static/rest_framework/js/default.js HTTP/1.1" 200 1268
[16/Mar/2023 07:50:46] "GET / HTTP/1.1" 200 5163
[16/Mar/2023 07:50:46] "GET /static/rest_framework/css/bootstrap.min.css HTTP/1.1" 200 121457
[16/Mar/2023 07:50:46] "GET /static/rest_framework/css/bootstrap-tweaks.css HTTP/1.1" 200 3385
[16/Mar/2023 07:50:46] "GET /static/rest_framework/css/prettify.css HTTP/1.1" 200 817
[16/Mar/2023 07:50:47] "GET /static/rest_framework/js/jquery-3.5.1.min.js HTTP/1.1" 200 89476
[16/Mar/2023 07:50:47] "GET /static/rest_framework/css/default.css HTTP/1.1" 200 1152
[16/Mar/2023 07:50:47] "GET /static/rest_framework/js/default.js HTTP/1.1" 200 1268
[16/Mar/2023 07:50:48] "GET /static/rest_framework/js/ajax-form.js HTTP/1.1" 200 3597
[16/Mar/2023 07:50:48] "GET /static/rest_framework/js/csrf.js HTTP/1.1" 200 1719
[16/Mar/2023 07:50:48] "GET /static/rest_framework/js/bootstrap.min.js HTTP/1.1" 200 39680
[16/Mar/2023 07:50:48] "GET /static/rest_framework/img/grid.png HTTP/1.1" 200 1458
[16/Mar/2023 07:50:48] "GET /static/rest_framework/js/prettify-min.js HTTP/1.1" 200 13632
[16/Mar/2023 07:53:24] "GET / HTTP/1.1" 200 5163
[16/Mar/2023 07:53:24] "GET /static/rest_framework/css/bootstrap.min.css HTTP/1.1" 200 121457
[16/Mar/2023 07:53:24] "GET /static/rest_framework/css/bootstrap-tweaks.css HTTP/1.1" 200 3385
[16/Mar/2023 07:53:24] "GET /static/rest_framework/css/prettify.css HTTP/1.1" 200 817
[16/Mar/2023 07:53:24] "GET /static/rest_framework/css/default.css HTTP/1.1" 200 1152
